[0m22:17:00.369043 [debug] [MainThread]: Sending event: {'category': 'dbt', 'action': 'invocation', 'label': 'start', 'context': [<snowplow_tracker.self_describing_json.SelfDescribingJson object at 0x71bcab3518e0>, <snowplow_tracker.self_describing_json.SelfDescribingJson object at 0x71bcad84ef00>, <snowplow_tracker.self_describing_json.SelfDescribingJson object at 0x71bcab06e780>]}


============================== 22:17:00.374815 | bc901f11-284a-40a5-9fbd-423090451a38 ==============================
[0m22:17:00.374815 [info ] [MainThread]: Running with dbt=1.11.7
[0m22:17:00.375459 [debug] [MainThread]: running dbt with arguments {'version_check': 'True', 'log_cache_events': 'False', 'write_json': 'True', 'fail_fast': 'False', 'use_colors': 'True', 'indirect_selection': 'eager', 'profiles_dir': '/app/dbt', 'warn_error': 'None', 'quiet': 'False', 'invocation_command': 'dbt debug', 'log_format': 'default', 'static_parser': 'True', 'warn_error_options': 'WarnErrorOptionsV2(error=[], warn=[], silence=[])', 'printer_width': '80', 'send_anonymous_usage_stats': 'True', 'target_path': 'None', 'partial_parse': 'True', 'log_path': '/app/dbt/logs', 'use_experimental_parser': 'False', 'empty': 'None', 'introspect': 'True', 'cache_selected_only': 'False', 'no_print': 'None', 'debug': 'False'}
[0m22:17:00.381263 [info ] [MainThread]: dbt version: 1.11.7
[0m22:17:00.381714 [info ] [MainThread]: python version: 3.12.13
[0m22:17:00.382103 [info ] [MainThread]: python path: /usr/local/bin/python3.12
[0m22:17:00.382546 [info ] [MainThread]: os info: Linux-6.6.87.2-microsoft-standard-WSL2-x86_64-with-glibc2.41
[0m22:17:00.418229 [info ] [MainThread]: Using profiles dir at /app/dbt
[0m22:17:00.418668 [info ] [MainThread]: Using profiles.yml file at /app/dbt/profiles.yml
[0m22:17:00.419101 [info ] [MainThread]: Using dbt_project.yml file at /app/dbt/dbt_project.yml
[0m22:17:00.419666 [info ] [MainThread]: adapter type: postgres
[0m22:17:00.420037 [info ] [MainThread]: adapter version: 1.10.0
[0m22:17:00.480265 [info ] [MainThread]: Configuration:
[0m22:17:00.480798 [info ] [MainThread]:   profiles.yml file [[32mOK found and valid[0m]
[0m22:17:00.481252 [info ] [MainThread]:   dbt_project.yml file [[32mOK found and valid[0m]
[0m22:17:00.481677 [info ] [MainThread]: Required dependencies:
[0m22:17:00.482093 [debug] [MainThread]: Executing "git --help"
[0m22:17:00.483765 [info ] [MainThread]:  - git [[31mERROR[0m]

[0m22:17:00.484180 [info ] [MainThread]: Connection:
[0m22:17:00.484554 [info ] [MainThread]:   host: postgres
[0m22:17:00.484984 [info ] [MainThread]:   port: 5432
[0m22:17:00.485362 [info ] [MainThread]:   user: datapulse
[0m22:17:00.485753 [info ] [MainThread]:   database: datapulse
[0m22:17:00.486135 [info ] [MainThread]:   schema: public
[0m22:17:00.486529 [info ] [MainThread]:   connect_timeout: 10
[0m22:17:00.486923 [info ] [MainThread]:   role: None
[0m22:17:00.487300 [info ] [MainThread]:   search_path: None
[0m22:17:00.487672 [info ] [MainThread]:   keepalives_idle: 0
[0m22:17:00.488043 [info ] [MainThread]:   sslmode: None
[0m22:17:00.488416 [info ] [MainThread]:   sslcert: None
[0m22:17:00.488786 [info ] [MainThread]:   sslkey: None
[0m22:17:00.489149 [info ] [MainThread]:   sslrootcert: None
[0m22:17:00.489596 [info ] [MainThread]:   application_name: dbt
[0m22:17:00.489960 [info ] [MainThread]:   retries: 1
[0m22:17:00.490400 [info ] [MainThread]: Registered adapter: postgres=1.10.0
[0m22:17:00.523988 [debug] [MainThread]: Acquiring new postgres connection 'debug'
[0m22:17:00.539187 [debug] [MainThread]: Using postgres connection "debug"
[0m22:17:00.539579 [debug] [MainThread]: On debug: select 1 as id
[0m22:17:00.539905 [debug] [MainThread]: Opening a new connection, currently in state init
[0m22:17:00.552093 [debug] [MainThread]: SQL status: SELECT 1 in 0.012 seconds
[0m22:17:00.552790 [debug] [MainThread]: On debug: Close
[0m22:17:00.553169 [info ] [MainThread]:   Connection test: [[32mOK connection ok[0m]

[0m22:17:00.553589 [info ] [MainThread]: [31m1 check failed:[0m
[0m22:17:00.554056 [info ] [MainThread]: Error from git --help: Could not find command, ensure it is in the user's PATH: "git"

[0m22:17:00.555275 [debug] [MainThread]: Resource report: {"command_name": "debug", "command_success": false, "command_wall_clock_time": 0.23214337, "process_in_blocks": "14744", "process_kernel_time": 0.165469, "process_mem_max_rss": "120620", "process_out_blocks": "4008", "process_user_time": 0.958181}
[0m22:17:00.555697 [debug] [MainThread]: Command `dbt debug` failed at 22:17:00.555616 after 0.23 seconds
[0m22:17:00.556091 [debug] [MainThread]: Connection 'debug' was properly closed.
[0m22:17:00.556440 [debug] [MainThread]: Sending event: {'category': 'dbt', 'action': 'invocation', 'label': 'end', 'context': [<snowplow_tracker.self_describing_json.SelfDescribingJson object at 0x71bcacd24c80>, <snowplow_tracker.self_describing_json.SelfDescribingJson object at 0x71bcaae0f0e0>, <snowplow_tracker.self_describing_json.SelfDescribingJson object at 0x71bca99ffef0>]}
[0m22:17:00.556813 [debug] [MainThread]: Flushing usage events
[0m22:17:01.301827 [debug] [MainThread]: An error was encountered while trying to flush usage events
[0m22:19:34.388148 [debug] [MainThread]: Sending event: {'category': 'dbt', 'action': 'invocation', 'label': 'start', 'context': [<snowplow_tracker.self_describing_json.SelfDescribingJson object at 0x7adc01a6c260>, <snowplow_tracker.self_describing_json.SelfDescribingJson object at 0x7adc024d5af0>, <snowplow_tracker.self_describing_json.SelfDescribingJson object at 0x7adc03ce67e0>]}


============================== 22:19:34.392221 | 5c976469-fc76-4bef-be37-0869d247aeed ==============================
[0m22:19:34.392221 [info ] [MainThread]: Running with dbt=1.11.7
[0m22:19:34.392989 [debug] [MainThread]: running dbt with arguments {'quiet': 'False', 'log_path': '/app/dbt/logs', 'version_check': 'True', 'log_format': 'default', 'indirect_selection': 'eager', 'log_cache_events': 'False', 'printer_width': '80', 'no_print': 'None', 'target_path': 'None', 'write_json': 'True', 'empty': 'None', 'profiles_dir': '/app/dbt', 'warn_error': 'None', 'warn_error_options': 'WarnErrorOptionsV2(error=[], warn=[], silence=[])', 'introspect': 'True', 'use_experimental_parser': 'False', 'send_anonymous_usage_stats': 'True', 'debug': 'False', 'partial_parse': 'True', 'cache_selected_only': 'False', 'use_colors': 'True', 'fail_fast': 'False', 'invocation_command': 'dbt debug', 'static_parser': 'True'}
[0m22:19:34.398249 [info ] [MainThread]: dbt version: 1.11.7
[0m22:19:34.398635 [info ] [MainThread]: python version: 3.12.13
[0m22:19:34.399025 [info ] [MainThread]: python path: /usr/local/bin/python3.12
[0m22:19:34.399463 [info ] [MainThread]: os info: Linux-6.6.87.2-microsoft-standard-WSL2-x86_64-with-glibc2.41
[0m22:19:34.432695 [info ] [MainThread]: Using profiles dir at /app/dbt
[0m22:19:34.433089 [info ] [MainThread]: Using profiles.yml file at /app/dbt/profiles.yml
[0m22:19:34.433562 [info ] [MainThread]: Using dbt_project.yml file at /app/dbt/dbt_project.yml
[0m22:19:34.434222 [info ] [MainThread]: adapter type: postgres
[0m22:19:34.434598 [info ] [MainThread]: adapter version: 1.10.0
[0m22:19:34.494323 [info ] [MainThread]: Configuration:
[0m22:19:34.494872 [info ] [MainThread]:   profiles.yml file [[32mOK found and valid[0m]
[0m22:19:34.495639 [info ] [MainThread]:   dbt_project.yml file [[32mOK found and valid[0m]
[0m22:19:34.496016 [info ] [MainThread]: Required dependencies:
[0m22:19:34.496528 [debug] [MainThread]: Executing "git --help"
[0m22:19:34.498310 [debug] [MainThread]: STDOUT: "b"usage: git [-v | --version] [-h | --help] [-C <path>] [-c <name>=<value>]\n           [--exec-path[=<path>]] [--html-path] [--man-path] [--info-path]\n           [-p | --paginate | -P | --no-pager] [--no-replace-objects] [--no-lazy-fetch]\n           [--no-optional-locks] [--no-advice] [--bare] [--git-dir=<path>]\n           [--work-tree=<path>] [--namespace=<name>] [--config-env=<name>=<envvar>]\n           <command> [<args>]\n\nThese are common Git commands used in various situations:\n\nstart a working area (see also: git help tutorial)\n   clone     Clone a repository into a new directory\n   init      Create an empty Git repository or reinitialize an existing one\n\nwork on the current change (see also: git help everyday)\n   add       Add file contents to the index\n   mv        Move or rename a file, a directory, or a symlink\n   restore   Restore working tree files\n   rm        Remove files from the working tree and from the index\n\nexamine the history and state (see also: git help revisions)\n   bisect    Use binary search to find the commit that introduced a bug\n   diff      Show changes between commits, commit and working tree, etc\n   grep      Print lines matching a pattern\n   log       Show commit logs\n   show      Show various types of objects\n   status    Show the working tree status\n\ngrow, mark and tweak your common history\n   branch    List, create, or delete branches\n   commit    Record changes to the repository\n   merge     Join two or more development histories together\n   rebase    Reapply commits on top of another base tip\n   reset     Reset current HEAD to the specified state\n   switch    Switch branches\n   tag       Create, list, delete or verify a tag object signed with GPG\n\ncollaborate (see also: git help workflows)\n   fetch     Download objects and refs from another repository\n   pull      Fetch from and integrate with another repository or a local branch\n   push      Update remote refs along with associated objects\n\n'git help -a' and 'git help -g' list available subcommands and some\nconcept guides. See 'git help <command>' or 'git help <concept>'\nto read about a specific subcommand or concept.\nSee 'git help git' for an overview of the system.\n""
[0m22:19:34.498699 [debug] [MainThread]: STDERR: "b''"
[0m22:19:34.499028 [info ] [MainThread]:  - git [[32mOK found[0m]

[0m22:19:34.499468 [info ] [MainThread]: Connection:
[0m22:19:34.499863 [info ] [MainThread]:   host: postgres
[0m22:19:34.500262 [info ] [MainThread]:   port: 5432
[0m22:19:34.500621 [info ] [MainThread]:   user: datapulse
[0m22:19:34.501032 [info ] [MainThread]:   database: datapulse
[0m22:19:34.501397 [info ] [MainThread]:   schema: public
[0m22:19:34.501772 [info ] [MainThread]:   connect_timeout: 10
[0m22:19:34.502148 [info ] [MainThread]:   role: None
[0m22:19:34.502498 [info ] [MainThread]:   search_path: None
[0m22:19:34.502857 [info ] [MainThread]:   keepalives_idle: 0
[0m22:19:34.503243 [info ] [MainThread]:   sslmode: None
[0m22:19:34.503668 [info ] [MainThread]:   sslcert: None
[0m22:19:34.504035 [info ] [MainThread]:   sslkey: None
[0m22:19:34.504392 [info ] [MainThread]:   sslrootcert: None
[0m22:19:34.504755 [info ] [MainThread]:   application_name: dbt
[0m22:19:34.505156 [info ] [MainThread]:   retries: 1
[0m22:19:34.505589 [info ] [MainThread]: Registered adapter: postgres=1.10.0
[0m22:19:34.537644 [debug] [MainThread]: Acquiring new postgres connection 'debug'
[0m22:19:34.551772 [debug] [MainThread]: Using postgres connection "debug"
[0m22:19:34.552114 [debug] [MainThread]: On debug: select 1 as id
[0m22:19:34.552443 [debug] [MainThread]: Opening a new connection, currently in state init
[0m22:19:34.558176 [debug] [MainThread]: SQL status: SELECT 1 in 0.006 seconds
[0m22:19:34.558852 [debug] [MainThread]: On debug: Close
[0m22:19:34.559230 [info ] [MainThread]:   Connection test: [[32mOK connection ok[0m]

[0m22:19:34.559743 [info ] [MainThread]: [32mAll checks passed![0m
[0m22:19:34.560686 [debug] [MainThread]: Resource report: {"command_name": "debug", "command_success": true, "command_wall_clock_time": 0.21524274, "process_in_blocks": "0", "process_kernel_time": 0.144848, "process_mem_max_rss": "121076", "process_out_blocks": "4008", "process_user_time": 0.912153}
[0m22:19:34.561160 [debug] [MainThread]: Command `dbt debug` succeeded at 22:19:34.561078 after 0.22 seconds
[0m22:19:34.561468 [debug] [MainThread]: Connection 'debug' was properly closed.
[0m22:19:34.561792 [debug] [MainThread]: Sending event: {'category': 'dbt', 'action': 'invocation', 'label': 'end', 'context': [<snowplow_tracker.self_describing_json.SelfDescribingJson object at 0x7adc0240aae0>, <snowplow_tracker.self_describing_json.SelfDescribingJson object at 0x7adc00f6bd40>, <snowplow_tracker.self_describing_json.SelfDescribingJson object at 0x7adc01d2f350>]}
[0m22:19:34.562186 [debug] [MainThread]: Flushing usage events
[0m22:19:35.258808 [debug] [MainThread]: An error was encountered while trying to flush usage events
